train_file:data/dnn/train.userid.txt
eval_file:data/dnn/val.userid.txt
test_file:data/dnn/test.userid.txt
infer_file:data/dnn/infer.userid.txt
FEATURE_COUNT:194081
FIELD_COUNT:33
data_format:ffm
PAIR_NUM:None
DNN_FIELD_NUM:None
n_user:None
n_item:None
n_user_attr:None
n_item_attr:None
dim:10
layer_sizes:[100, 100]
cross_layer_sizes:[100, 100, 50]
cross_layers:None
activation:['relu', 'relu']
cross_activation:identity
dropout:[0.0, 0.0]
attention_layer_sizes:None
attention_activation:None
model_type:exDeepFM
method:classification
load_model_name:None
mu:None
init_method:tnormal
init_value:0.01
embed_l2:0.0
embed_l1:0.0
layer_l2:0.0
layer_l1:0.0
cross_l2:0.0
cross_l1:0.0
learning_rate:0.001
loss:log_loss
optimizer:adam
epochs:10
batch_size:128
log:log
logger:<Logger utils.log (INFO)>
show_step:1
save_epoch:2
metrics:['auc', 'logloss']
